This is pdfeTeX, Version 3.141592-1.21a-2.2 (Web2C 7.5.4) (format=latex 2006.10.27)  13 DEC 2006 18:31
entering extended mode
**slides
(./slides.tex
LaTeX2e <2003/12/01>
Babel <v3.8d> and hyphenation patterns for american, french, german, ngerman, b
ahasa, basque, bulgarian, catalan, croatian, czech, danish, dutch, esperanto, e
stonian, finnish, greek, icelandic, irish, italian, latin, magyar, norsk, polis
h, portuges, romanian, russian, serbian, slovak, slovene, spanish, swedish, tur
kish, ukrainian, nohyphenation, loaded.
(/usr/share/texmf-tetex/tex/latex/seminar/seminar.cls
Document Class: seminar 1997/10/13, 1.4
Document Style: `seminar' v1.4 <1997/10/13> (tvz)
\slidewidth=\dimen102
\slideheight=\dimen103
\footheight=\dimen104
(/usr/share/texmf-tetex/tex/latex/base/article.cls
Document Class: article 2004/02/16 v1.4f Standard LaTeX document class
(/usr/share/texmf-tetex/tex/latex/base/size10.clo
File: size10.clo 2004/02/16 v1.4f Standard LaTeX file (size option)
)
\c@part=\count79
\c@section=\count80
\c@subsection=\count81
\c@subsubsection=\count82
\c@paragraph=\count83
\c@subparagraph=\count84
\c@figure=\count85
\c@table=\count86
\abovecaptionskip=\skip41
\belowcaptionskip=\skip42
\bibindent=\dimen105
)
(/usr/share/texmf-tetex/tex/latex/seminar/sem-page.sty)
\before@document=\toks14
\after@document=\toks15
\before@enddocument=\toks16
\c@slide=\count87
\slide@count=\count88
\@slidebox=\box26
\not@slidebox=\box27
\slide@hook=\toks17
\after@slide=\toks18
\slide@footins=\insert233
\slide@listdepth=\count89
\saved@specials=\box28
\before@newslide=\toks19
\after@slidepage=\toks20
\slidesep=\skip43
\c@note=\count90
\slideframewidth=\dimen106
\slideframesep=\dimen107
\semin=\dimen108
\semcm=\dimen109
)
(/usr/share/texmf-tetex/tex/latex/seminar/seminar.con) (./talkadvi.sty
(/usr/share/texmf-tetex/tex/latex/base/inputenc.sty
Package: inputenc 2004/02/05 v1.0d Input encoding file

(/usr/share/texmf-tetex/tex/latex/base/latin1.def
File: latin1.def 2004/02/05 v1.0d Input encoding file
))
(/usr/share/texmf-tetex/tex/latex/base/fontenc.sty
Package: fontenc 2004/02/22 v1.99f Standard LaTeX package

(/usr/share/texmf-tetex/tex/latex/base/t1enc.def
File: t1enc.def 2004/02/22 v1.99f Standard LaTeX file
LaTeX Font Info:    Redeclaring font encoding T1 on input line 43.
))
(/usr/share/texmf-tetex/tex/latex/graphics/color.sty
Package: color 1999/02/16 v1.0i Standard LaTeX Color (DPC)

(/usr/share/texmf-tetex/tex/latex/graphics/color.cfg
File: color.cfg 2005/02/03 v1.3 color configuration of teTeX/TeXLive
)
Package color Info: Driver file: dvips.def on input line 125.

(/usr/share/texmf-tetex/tex/latex/graphics/dvips.def
File: dvips.def 1999/02/16 v3.0i Driver-dependant file (DPC,SPQR)
)
(/usr/share/texmf-tetex/tex/latex/graphics/dvipsnam.def
File: dvipsnam.def 1999/02/16 v3.0i Driver-dependant file (DPC,SPQR)
))
(/usr/share/texmf-tetex/tex/latex/graphics/graphicx.sty
Package: graphicx 1999/02/16 v1.0f Enhanced LaTeX Graphics (DPC,SPQR)

(/usr/share/texmf-tetex/tex/latex/graphics/keyval.sty
Package: keyval 1999/03/16 v1.13 key=value parser (DPC)
\KV@toks@=\toks21
)
(/usr/share/texmf-tetex/tex/latex/graphics/graphics.sty
Package: graphics 2001/07/07 v1.0n Standard LaTeX Graphics (DPC,SPQR)

(/usr/share/texmf-tetex/tex/latex/graphics/trig.sty
Package: trig 1999/03/16 v1.09 sin cos tan (DPC)
)
(/usr/share/texmf-tetex/tex/latex/graphics/graphics.cfg
File: graphics.cfg 2005/02/03 v1.3 graphics configuration of teTeX/TeXLive
)
Package graphics Info: Driver file: dvips.def on input line 80.
)
\Gin@req@height=\dimen110
\Gin@req@width=\dimen111
) (./advi.sty
Package: advi 2004/17/07 v1.75 LaTeX Package for the advi Previewer
\advi@count=\count91
\advi@dim=\dimen112
\advi@edit@unit=\dimen113
\advix=\dimen114
\adviy=\dimen115
\adviw=\dimen116
\advih=\dimen117
\advid=\dimen118
)
(./advi-annot.sty
Package: advi-annot 2003/02/05 v1.40 Active-DVI Annot Package for advi Previewe
r
 (./bubble.sty
Package: bubble 2001/29/08 v0.40 Advi Annot Package for advi Previewer

(/usr/share/texmf-tetex/tex/latex/eepic/epic.sty
Enhancements to Picture Environment. Version 1.2 - Released June 1, 1986
\@@multicnt=\count92
\d@lta=\count93
\@delta=\dimen119
\@@delta=\dimen120
\@gridcnt=\count94
\@joinkind=\count95
\@dotgap=\dimen121
\@ddotgap=\dimen122
\@x@diff=\count96
\@y@diff=\count97
\x@diff=\dimen123
\y@diff=\dimen124
\@dotbox=\box29
\num@segments=\count98
\num@segmentsi=\count99
\@datafile=\read1
) (/usr/share/texmf-tetex/tex/latex/eepic/eepic.sty
Extension to Epic and LaTeX. Version 1.1e - Released Dec 21, 1999
\@gphlinewidth=\count100
\@eepictcnt=\count101
\@tempdimc=\dimen125
\maxovaldiam=\dimen126
\@filltype=\box30
) (/usr/share/texmf-tetex/tex/latex/tools/array.sty
Package: array 2003/12/17 v2.4a Tabular extension package (FMi)
\col@sep=\dimen127
\extrarowheight=\dimen128
\NC@list=\toks22
\extratabsurround=\skip44
\backup@length=\skip45
)
\bbb@unit=\dimen129
\bbb@dima=\dimen130
\bbb@dimb=\dimen131
\bbb@dima=\dimen132
)
\advi@c@annot=\count102
)
(/usr/share/texmf-tetex/tex/latex/base/alltt.sty
Package: alltt 1997/06/16 v2.0g defines alltt environment
)
Package color Info: Redefining color red on input line 42.
Package color Info: Redefining color green on input line 44.
Package color Info: Redefining color blue on input line 45.

(/usr/share/texmf-tetex/tex/latex/url/url.sty
\Urlmuskip=\muskip10
Package: url 2004/03/15  ver 3.1  Verb mode for urls, etc.
))
(/usr/share/texmf-tetex/tex/latex/base/fontenc.sty
Package: fontenc 2004/02/22 v1.99f Standard LaTeX package

(/usr/share/texmf-tetex/tex/latex/base/t1enc.def
File: t1enc.def 2004/02/22 v1.99f Standard LaTeX file
LaTeX Font Info:    Redeclaring font encoding T1 on input line 43.
))
(/usr/share/texmf-tetex/tex/generic/babel/babel.sty
Package: babel 2004/11/20 v3.8d The Babel package

(/usr/share/texmf-tetex/tex/generic/babel/frenchb.ldf
Language: french 2004/04/02 v1.6f French support from the babel system

(/usr/share/texmf-tetex/tex/generic/babel/babel.def
File: babel.def 2004/11/20 v3.8d Babel common definitions
\babel@savecnt=\count103
\U@D=\dimen133
)
Package babel Info: Making : an active character on input line 219.
Package babel Info: Making ; an active character on input line 220.
Package babel Info: Making ! an active character on input line 221.
Package babel Info: Making ? an active character on input line 222.
\parindentFFN=\dimen134
\std@mcc=\count104
\dec@mcc=\count105

*************************************
* Local config file frenchb.cfg used
*
(/usr/share/texmf-tetex/tex/generic/babel/frenchb.cfg)))
(/usr/share/texmf-tetex/tex/latex/graphics/epsfig.sty
Package: epsfig 1999/02/16 v1.7a (e)psfig emulation (SPQR)
\epsfxsize=\dimen135
\epsfysize=\dimen136
) (./slides.aux)
\openout1 = `slides.aux'.

LaTeX Font Info:    Checking defaults for OML/cmm/m/it on input line 22.
LaTeX Font Info:    ... okay on input line 22.
LaTeX Font Info:    Checking defaults for T1/cmr/m/n on input line 22.
LaTeX Font Info:    ... okay on input line 22.
LaTeX Font Info:    Checking defaults for OT1/cmr/m/n on input line 22.
LaTeX Font Info:    ... okay on input line 22.
LaTeX Font Info:    Checking defaults for OMS/cmsy/m/n on input line 22.
LaTeX Font Info:    ... okay on input line 22.
LaTeX Font Info:    Checking defaults for OMX/cmex/m/n on input line 22.
LaTeX Font Info:    ... okay on input line 22.
LaTeX Font Info:    Checking defaults for U/cmr/m/n on input line 22.
LaTeX Font Info:    ... okay on input line 22.

Patching PStricks commands...
LaTeX Info: Redefining \dots on input line 22.
LaTeX Font Info:    Try loading font information for T1+cmss on input line 23.
 (/usr/share/texmf-tetex/tex/latex/base/t1cmss.fd
File: t1cmss.fd 1999/05/25 v2.5h Standard LaTeX font definitions
)
Overfull \vbox (7.91724pt too high) has occurred while \output is active []


[1


]
LaTeX Font Info:    Try loading font information for T1+cmtt on input line 57.
 (/usr/share/texmf-tetex/tex/latex/base/t1cmtt.fd
File: t1cmtt.fd 1999/05/25 v2.5h Standard LaTeX font definitions
)
LaTeX Font Info:    External font `cmex10' loaded for size
(Font)              <7> on input line 57.
LaTeX Font Info:    External font `cmex10' loaded for size
(Font)              <5> on input line 57.

Overfull \vbox (7.91724pt too high) has occurred while \output is active []


[2

]
Overfull \vbox (7.91724pt too high) has occurred while \output is active []


[3

]
Overfull \vbox (7.91724pt too high) has occurred while \output is active []


[4

]
Overfull \vbox (7.91724pt too high) has occurred while \output is active []


[5

]
Overfull \vbox (7.91724pt too high) has occurred while \output is active []


[6

]
File: /home/jsignole/dev/ocamlgraph/slides/lsl/interface.eps Graphic file (type
 eps)
 </home/jsignole/dev/ocamlgraph/slides/lsl/interface.eps>

LaTeX Warning: Slide 7 overfull by 15.8943pt on input line 165.


Overfull \vbox (4.17285pt too high) has occurred while \output is active []


Overfull \vbox (7.91724pt too high) has occurred while \output is active []


[7

]
Overfull \vbox (7.91724pt too high) has occurred while \output is active []


[8

]
Overfull \vbox (7.91724pt too high) has occurred while \output is active []


[9

]
Overfull \hbox (13.53519pt too wide) in paragraph at lines 212--212
[]    []\T1/cmtt/m/n/10 module[] ConcreteLabeled(V: COMPARABLE)(E: ORDERED_TYPE
_DFT) =[] 
 []


Overfull \vbox (7.91724pt too high) has occurred while \output is active []


[10

]
Overfull \vbox (7.91724pt too high) has occurred while \output is active []


[11

]
Overfull \vbox (7.91724pt too high) has occurred while \output is active []


[12

]
Overfull \vbox (7.91724pt too high) has occurred while \output is active []


[13

]

LaTeX Warning: Slide 14 overfull by 23.01169pt on input line 306.


Overfull \vbox (7.91724pt too high) has occurred while \output is active []


[14

]
Overfull \vbox (7.91724pt too high) has occurred while \output is active []


[15

]
Overfull \vbox (7.91724pt too high) has occurred while \output is active []


[16

]
LaTeX Font Info:    External font `cmex10' loaded for size
(Font)              <12> on input line 335.
LaTeX Font Info:    External font `cmex10' loaded for size
(Font)              <8> on input line 335.
LaTeX Font Info:    External font `cmex10' loaded for size
(Font)              <6> on input line 335.

Overfull \vbox (7.91724pt too high) has occurred while \output is active []


[17

] (./bench1c.tex
\plotpoint=\box31
)
Overfull \vbox (7.91724pt too high) has occurred while \output is active []


[18

] (./bench2dfs.tex)
Overfull \vbox (7.91724pt too high) has occurred while \output is active []


[19

]
Overfull \vbox (7.91724pt too high) has occurred while \output is active []


[20

] (./slides.aux) ) 
Here is how much of TeX's memory you used:
 2839 strings out of 94501
 36382 string characters out of 1175810
 123166 words of memory out of 1000000
 5958 multiletter control sequences out of 10000+50000
 14841 words of font info for 40 fonts, out of 500000 for 2000
 580 hyphenation exceptions out of 8191
 36i,8n,24p,221b,492s stack positions out of 1500i,500n,5000p,200000b,5000s

Output written on slides.dvi (20 pages, 81852 bytes).
